<?xml version="1.0" encoding="UTF-8" ?>
<testsuite failures="0" time="0" errors="1" skipped="0" tests="1" name="org.knot.ghost.core.TestMain">
  <properties>
    <property name="java.runtime.name" value="Java(TM) SE Runtime Environment"/>
    <property name="sun.boot.library.path" value="C:\Program Files\Java\jdk1.6.0_23\jre\bin"/>
    <property name="java.vm.version" value="19.0-b09"/>
    <property name="java.vm.vendor" value="Sun Microsystems Inc."/>
    <property name="java.vendor.url" value="http://java.sun.com/"/>
    <property name="path.separator" value=";"/>
    <property name="java.vm.name" value="Java HotSpot(TM) Client VM"/>
    <property name="file.encoding.pkg" value="sun.io"/>
    <property name="user.country" value="CN"/>
    <property name="sun.java.launcher" value="SUN_STANDARD"/>
    <property name="sun.os.patch.level" value="Service Pack 3"/>
    <property name="java.vm.specification.name" value="Java Virtual Machine Specification"/>
    <property name="user.dir" value="C:\workspace\Ghost"/>
    <property name="java.runtime.version" value="1.6.0_23-b05"/>
    <property name="java.awt.graphicsenv" value="sun.awt.Win32GraphicsEnvironment"/>
    <property name="basedir" value="C:\workspace\Ghost"/>
    <property name="java.endorsed.dirs" value="C:\Program Files\Java\jdk1.6.0_23\jre\lib\endorsed"/>
    <property name="os.arch" value="x86"/>
    <property name="surefire.real.class.path" value="C:\DOCUME~1\YUXIAO~1\LOCALS~1\Temp\surefirebooter6058686411704694720.jar"/>
    <property name="java.io.tmpdir" value="C:\DOCUME~1\YUXIAO~1\LOCALS~1\Temp\"/>
    <property name="line.separator" value="
"/>
    <property name="java.vm.specification.vendor" value="Sun Microsystems Inc."/>
    <property name="user.variant" value=""/>
    <property name="os.name" value="Windows XP"/>
    <property name="sun.jnu.encoding" value="GBK"/>
    <property name="java.library.path" value="C:\Program Files\Java\jdk1.6.0_23\jre\bin;.;C:\WINDOWS\Sun\Java\bin;C:\WINDOWS\system32;C:\WINDOWS;C:\Python27;C:\Python27\DLLs;C:\php;C:\php\ext;C:\Program Files\CollabNet\Subversion Client;C:\apache-maven-2.2.1\bin;c:\cygwin\bin;c:\cygwin\usr\sbin;C:\javacc-5.0\bin;C:\apache-ant-1.8.2\bin;C:\Program Files\PC Connectivity Solution\;C:\Program Files\Java\jdk1.6.0_23\bin;F:\oracle\product\10.2.0\client_1\bin;C:\WINDOWS\system32;C:\WINDOWS;C:\WINDOWS\System32\Wbem;C:\Program Files\TortoiseSVN\bin;C:\Program Files\MySQL\MySQL Server 5.5\bin;C:\Documents and Settings\yuxiaowei\Application Data\npm;C:\Program Files\nodejs\;C:\Program Files\Git\cmd"/>
    <property name="surefire.test.class.path" value="C:\workspace\Ghost\target\test-classes;C:\workspace\Ghost\target\classes;C:\Documents and Settings\yuxiaowei\.m2\repository\junit\junit\4.8.2\junit-4.8.2.jar;C:\Documents and Settings\yuxiaowei\.m2\repository\org\mybatis\mybatis\3.0.5\mybatis-3.0.5.jar;C:\Documents and Settings\yuxiaowei\.m2\repository\org\mybatis\mybatis-spring\1.0.1\mybatis-spring-1.0.1.jar;C:\Documents and Settings\yuxiaowei\.m2\repository\org\springframework\spring-core\3.0.5.RELEASE\spring-core-3.0.5.RELEASE.jar;C:\Documents and Settings\yuxiaowei\.m2\repository\commons-logging\commons-logging\1.1.1\commons-logging-1.1.1.jar;C:\Documents and Settings\yuxiaowei\.m2\repository\org\springframework\spring-tx\3.0.5.RELEASE\spring-tx-3.0.5.RELEASE.jar;C:\Documents and Settings\yuxiaowei\.m2\repository\org\springframework\spring-beans\3.0.5.RELEASE\spring-beans-3.0.5.RELEASE.jar;C:\Documents and Settings\yuxiaowei\.m2\repository\org\springframework\spring-context\3.0.5.RELEASE\spring-context-3.0.5.RELEASE.jar;C:\Documents and Settings\yuxiaowei\.m2\repository\org\springframework\spring-expression\3.0.5.RELEASE\spring-expression-3.0.5.RELEASE.jar;C:\Documents and Settings\yuxiaowei\.m2\repository\org\springframework\spring-asm\3.0.5.RELEASE\spring-asm-3.0.5.RELEASE.jar;C:\Documents and Settings\yuxiaowei\.m2\repository\org\springframework\spring-jdbc\3.0.5.RELEASE\spring-jdbc-3.0.5.RELEASE.jar;C:\Documents and Settings\yuxiaowei\.m2\repository\org\springframework\spring-aop\3.0.5.RELEASE\spring-aop-3.0.5.RELEASE.jar;C:\Documents and Settings\yuxiaowei\.m2\repository\aopalliance\aopalliance\1.0\aopalliance-1.0.jar;C:\Documents and Settings\yuxiaowei\.m2\repository\org\springframework\spring-web\3.0.5.RELEASE\spring-web-3.0.5.RELEASE.jar;C:\Documents and Settings\yuxiaowei\.m2\repository\org\slf4j\slf4j-api\1.5.10\slf4j-api-1.5.10.jar;C:\Documents and Settings\yuxiaowei\.m2\repository\org\slf4j\slf4j-jcl\1.5.10\slf4j-jcl-1.5.10.jar;C:\Documents and Settings\yuxiaowei\.m2\repository\commons-lang\commons-lang\2.4\commons-lang-2.4.jar;C:\Documents and Settings\yuxiaowei\.m2\repository\org\mvel\mvel2\2.0.16\mvel2-2.0.16.jar;C:\Documents and Settings\yuxiaowei\.m2\repository\c3p0\c3p0\0.9.1.2\c3p0-0.9.1.2.jar;C:\Documents and Settings\yuxiaowei\.m2\repository\com\h2database\h2\1.2.130\h2-1.2.130.jar;C:\Documents and Settings\yuxiaowei\.m2\repository\log4j\log4j\1.2.16\log4j-1.2.16.jar;C:\Documents and Settings\yuxiaowei\.m2\repository\cglib\cglib\2.2\cglib-2.2.jar;C:\Documents and Settings\yuxiaowei\.m2\repository\asm\asm\3.1\asm-3.1.jar;C:\Documents and Settings\yuxiaowei\.m2\repository\com\thoughtworks\xstream\xstream\1.4.2\xstream-1.4.2.jar;C:\Documents and Settings\yuxiaowei\.m2\repository\xmlpull\xmlpull\1.1.3.1\xmlpull-1.1.3.1.jar;C:\Documents and Settings\yuxiaowei\.m2\repository\xpp3\xpp3_min\1.1.4c\xpp3_min-1.1.4c.jar;C:\Documents and Settings\yuxiaowei\.m2\repository\commons-io\commons-io\1.4\commons-io-1.4.jar;C:\Documents and Settings\yuxiaowei\.m2\repository\mysql\mysql-connector-java\5.1.12\mysql-connector-java-5.1.12.jar;"/>
    <property name="java.specification.name" value="Java Platform API Specification"/>
    <property name="java.class.version" value="50.0"/>
    <property name="sun.management.compiler" value="HotSpot Client Compiler"/>
    <property name="os.version" value="5.1"/>
    <property name="user.home" value="C:\Documents and Settings\yuxiaowei"/>
    <property name="user.timezone" value="Asia/Shanghai"/>
    <property name="java.awt.printerjob" value="sun.awt.windows.WPrinterJob"/>
    <property name="java.specification.version" value="1.6"/>
    <property name="file.encoding" value="GBK"/>
    <property name="user.name" value="yuxiaowei"/>
    <property name="java.class.path" value="C:\workspace\Ghost\target\test-classes;C:\workspace\Ghost\target\classes;C:\Documents and Settings\yuxiaowei\.m2\repository\junit\junit\4.8.2\junit-4.8.2.jar;C:\Documents and Settings\yuxiaowei\.m2\repository\org\mybatis\mybatis\3.0.5\mybatis-3.0.5.jar;C:\Documents and Settings\yuxiaowei\.m2\repository\org\mybatis\mybatis-spring\1.0.1\mybatis-spring-1.0.1.jar;C:\Documents and Settings\yuxiaowei\.m2\repository\org\springframework\spring-core\3.0.5.RELEASE\spring-core-3.0.5.RELEASE.jar;C:\Documents and Settings\yuxiaowei\.m2\repository\commons-logging\commons-logging\1.1.1\commons-logging-1.1.1.jar;C:\Documents and Settings\yuxiaowei\.m2\repository\org\springframework\spring-tx\3.0.5.RELEASE\spring-tx-3.0.5.RELEASE.jar;C:\Documents and Settings\yuxiaowei\.m2\repository\org\springframework\spring-beans\3.0.5.RELEASE\spring-beans-3.0.5.RELEASE.jar;C:\Documents and Settings\yuxiaowei\.m2\repository\org\springframework\spring-context\3.0.5.RELEASE\spring-context-3.0.5.RELEASE.jar;C:\Documents and Settings\yuxiaowei\.m2\repository\org\springframework\spring-expression\3.0.5.RELEASE\spring-expression-3.0.5.RELEASE.jar;C:\Documents and Settings\yuxiaowei\.m2\repository\org\springframework\spring-asm\3.0.5.RELEASE\spring-asm-3.0.5.RELEASE.jar;C:\Documents and Settings\yuxiaowei\.m2\repository\org\springframework\spring-jdbc\3.0.5.RELEASE\spring-jdbc-3.0.5.RELEASE.jar;C:\Documents and Settings\yuxiaowei\.m2\repository\org\springframework\spring-aop\3.0.5.RELEASE\spring-aop-3.0.5.RELEASE.jar;C:\Documents and Settings\yuxiaowei\.m2\repository\aopalliance\aopalliance\1.0\aopalliance-1.0.jar;C:\Documents and Settings\yuxiaowei\.m2\repository\org\springframework\spring-web\3.0.5.RELEASE\spring-web-3.0.5.RELEASE.jar;C:\Documents and Settings\yuxiaowei\.m2\repository\org\slf4j\slf4j-api\1.5.10\slf4j-api-1.5.10.jar;C:\Documents and Settings\yuxiaowei\.m2\repository\org\slf4j\slf4j-jcl\1.5.10\slf4j-jcl-1.5.10.jar;C:\Documents and Settings\yuxiaowei\.m2\repository\commons-lang\commons-lang\2.4\commons-lang-2.4.jar;C:\Documents and Settings\yuxiaowei\.m2\repository\org\mvel\mvel2\2.0.16\mvel2-2.0.16.jar;C:\Documents and Settings\yuxiaowei\.m2\repository\c3p0\c3p0\0.9.1.2\c3p0-0.9.1.2.jar;C:\Documents and Settings\yuxiaowei\.m2\repository\com\h2database\h2\1.2.130\h2-1.2.130.jar;C:\Documents and Settings\yuxiaowei\.m2\repository\log4j\log4j\1.2.16\log4j-1.2.16.jar;C:\Documents and Settings\yuxiaowei\.m2\repository\cglib\cglib\2.2\cglib-2.2.jar;C:\Documents and Settings\yuxiaowei\.m2\repository\asm\asm\3.1\asm-3.1.jar;C:\Documents and Settings\yuxiaowei\.m2\repository\com\thoughtworks\xstream\xstream\1.4.2\xstream-1.4.2.jar;C:\Documents and Settings\yuxiaowei\.m2\repository\xmlpull\xmlpull\1.1.3.1\xmlpull-1.1.3.1.jar;C:\Documents and Settings\yuxiaowei\.m2\repository\xpp3\xpp3_min\1.1.4c\xpp3_min-1.1.4c.jar;C:\Documents and Settings\yuxiaowei\.m2\repository\commons-io\commons-io\1.4\commons-io-1.4.jar;C:\Documents and Settings\yuxiaowei\.m2\repository\mysql\mysql-connector-java\5.1.12\mysql-connector-java-5.1.12.jar;"/>
    <property name="java.vm.specification.version" value="1.0"/>
    <property name="sun.arch.data.model" value="32"/>
    <property name="java.home" value="C:\Program Files\Java\jdk1.6.0_23\jre"/>
    <property name="java.specification.vendor" value="Sun Microsystems Inc."/>
    <property name="user.language" value="zh"/>
    <property name="awt.toolkit" value="sun.awt.windows.WToolkit"/>
    <property name="java.vm.info" value="mixed mode, sharing"/>
    <property name="java.version" value="1.6.0_23"/>
    <property name="java.ext.dirs" value="C:\Program Files\Java\jdk1.6.0_23\jre\lib\ext;C:\WINDOWS\Sun\Java\lib\ext"/>
    <property name="sun.boot.class.path" value="C:\Program Files\Java\jdk1.6.0_23\jre\lib\resources.jar;C:\Program Files\Java\jdk1.6.0_23\jre\lib\rt.jar;C:\Program Files\Java\jdk1.6.0_23\jre\lib\sunrsasign.jar;C:\Program Files\Java\jdk1.6.0_23\jre\lib\jsse.jar;C:\Program Files\Java\jdk1.6.0_23\jre\lib\jce.jar;C:\Program Files\Java\jdk1.6.0_23\jre\lib\charsets.jar;C:\Program Files\Java\jdk1.6.0_23\jre\lib\modules\jdk.boot.jar;C:\Program Files\Java\jdk1.6.0_23\jre\classes"/>
    <property name="java.vendor" value="Sun Microsystems Inc."/>
    <property name="localRepository" value="C:\Documents and Settings\yuxiaowei\.m2\repository"/>
    <property name="file.separator" value="\"/>
    <property name="java.vendor.url.bug" value="http://java.sun.com/cgi-bin/bugreport.cgi"/>
    <property name="sun.cpu.endian" value="little"/>
    <property name="sun.io.unicode.encoding" value="UnicodeLittle"/>
    <property name="sun.desktop" value="windows"/>
    <property name="sun.cpu.isalist" value="pentium_pro+mmx pentium_pro pentium+mmx pentium i486 i386 i86"/>
  </properties>
  <testcase time="0" classname="org.knot.ghost.core.TestMain" name="initializationError">
    <error message="No runnable methods" type="java.lang.Exception">java.lang.Exception: No runnable methods
	at org.junit.runners.BlockJUnit4ClassRunner.validateInstanceMethods(BlockJUnit4ClassRunner.java:177)
	at org.junit.runners.BlockJUnit4ClassRunner.collectInitializationErrors(BlockJUnit4ClassRunner.java:122)
	at org.junit.runners.ParentRunner.validate(ParentRunner.java:269)
	at org.junit.runners.ParentRunner.&lt;init&gt;(ParentRunner.java:66)
	at org.junit.runners.BlockJUnit4ClassRunner.&lt;init&gt;(BlockJUnit4ClassRunner.java:58)
	at org.junit.internal.builders.JUnit4Builder.runnerForClass(JUnit4Builder.java:13)
	at org.junit.runners.model.RunnerBuilder.safeRunnerForClass(RunnerBuilder.java:57)
	at org.junit.internal.builders.AllDefaultPossibilitiesBuilder.runnerForClass(AllDefaultPossibilitiesBuilder.java:29)
	at org.junit.runners.model.RunnerBuilder.safeRunnerForClass(RunnerBuilder.java:57)
	at org.junit.internal.requests.ClassRequest.getRunner(ClassRequest.java:24)
	at org.apache.maven.surefire.junit4.JUnit4TestSet.&lt;init&gt;(JUnit4TestSet.java:45)
	at org.apache.maven.surefire.junit4.JUnit4DirectoryTestSuite.createTestSet(JUnit4DirectoryTestSuite.java:56)
	at org.apache.maven.surefire.suite.AbstractDirectoryTestSuite.locateTestSets(AbstractDirectoryTestSuite.java:96)
	at org.apache.maven.surefire.Surefire.createSuiteFromDefinition(Surefire.java:209)
	at org.apache.maven.surefire.Surefire.run(Surefire.java:156)
	at sun.reflect.NativeMethodAccessorImpl.invoke0(Native Method)
	at sun.reflect.NativeMethodAccessorImpl.invoke(NativeMethodAccessorImpl.java:39)
	at sun.reflect.DelegatingMethodAccessorImpl.invoke(DelegatingMethodAccessorImpl.java:25)
	at java.lang.reflect.Method.invoke(Method.java:597)
	at org.apache.maven.surefire.booter.SurefireBooter.runSuitesInProcess(SurefireBooter.java:345)
	at org.apache.maven.surefire.booter.SurefireBooter.main(SurefireBooter.java:1009)
</error>
  </testcase>
</testsuite>